<?xml version="1.0" encoding="UTF-8"?>
<!-- Generated by org.testng.reporters.JUnitReportReporter -->
<testsuite hostname="DESKTOP-T3FJ1MH" failures="0" tests="1" name="Com.Demosite.utilities.ExtentReportsDemoWithTestng" time="0.021" errors="0" timestamp="16 Sep 2022 07:18:00 GMT" skipped="0">
  <testcase classname="Com.Demosite.utilities.ExtentReportsDemoWithTestng" name="test1" time="0.021"/>
</testsuite> <!-- Com.Demosite.utilities.ExtentReportsDemoWithTestng -->
