<?xml version="1.0" encoding="UTF-8"?>
<!-- Generated by org.testng.reporters.JUnitReportReporter -->
<testsuite hostname="DESKTOP-T3FJ1MH" failures="0" tests="1" name="Com.Demosite.testCases.Tc_LoginTest_001" time="17.642" errors="0" timestamp="19 Sep 2022 10:15:40 GMT" skipped="0">
  <testcase classname="Com.Demosite.testCases.Tc_LoginTest_001" name="loginTest" time="17.642"/>
</testsuite> <!-- Com.Demosite.testCases.Tc_LoginTest_001 -->
